IQ-TREE version 3.0.1 for Windows 64-bit built May  5 2025
Developed by Bui Quang Minh, Thomas Wong, Nhan Ly-Trong, Huaiyan Ren
Contributed by Lam-Tung Nguyen, Dominik Schrempf, Chris Bielow,
Olga Chernomor, Michael Woodhams, Diep Thi Hoang, Heiko Schmidt

Host:    DESKTOP-9GER242 (AVX2, FMA3, 11 GB RAM)
Command: C:\Users\SARP\Desktop\Alp\Proje-Final\app\helpers\Tuana\iqtree\iqtree3.exe -s C:\Users\SARP\Desktop\Alp\Proje-Final\app\helpers\Duru\data\temp_fasta\aligned_fasta_final.fasta -m GTR+G -nt AUTO -bb 1000 -redo
Seed:    439456 (Using SPRNG - Scalable Parallel Random Number Generator)
Time:    Wed Jun 11 12:52:08 2025
Kernel:  AVX+FMA - auto-detect threads (8 CPU cores detected)

Reading alignment file C:\Users\SARP\Desktop\Alp\Proje-Final\app\helpers\Duru\data\temp_fasta\aligned_fasta_final.fasta ... Fasta format detected
Reading fasta file: done in 0.0003947 secs
Alignment most likely contains DNA/RNA sequences
Constructing alignment: done in 0.0004236 secs
Alignment has 5 sequences with 743 columns, 41 distinct patterns
52 parsimony-informative, 19 singleton sites, 672 constant sites
                                Gap/Ambiguity  Composition  p-value
Analyzing sequences: done in 3.33e-05 secs
   1  Vulpes_vulpes_COI-5P_ZSILG125-   83.71%    failed      1.91%
   2  Vulpes_vulpes_COI-5P_ZSILG122-   83.18%    failed      3.05%
   3  Vulpes_vulpes_COI-5P_ZSILG469-   85.60%    failed      0.90%
   4  Vulpes_vulpes_COI-5P_GBMA17232    0.40%    passed     29.37%
   5  Vulpes_vulpes_COI-5P_GBMA1928-    2.69%    passed     35.04%
WARNING: 3 sequences contain more than 50% gaps/ambiguity
****  TOTAL                            51.12%  3 sequences failed composition chi2 test (p-value<5%; df=3)
Checking for duplicate sequences: done in 3.93e-05 secs

Create initial parsimony tree by phylogenetic likelihood library (PLL)... 0.000 seconds
Generating 1000 samples for ultrafast bootstrap (seed: 439456)...

NOTE: 0 MB RAM (0 GB) is required!
Measuring multi-threading efficiency up to 8 CPU cores
Increase to 10 rounds for branch lengths
40319 trees examined
Threads: 1 / Time: 8.000 sec / Speedup: 1.000 / Efficiency: 100% / LogL: -1377
Threads: 2 / Time: 10.420 sec / Speedup: 0.768 / Efficiency: 38% / LogL: -1377
Determining AUTO threadcount: done in 18.4207 secs using 165.6% CPU
BEST NUMBER OF THREADS: 1

Estimate model parameters (epsilon = 0.100)
1. Initial log-likelihood: -1329.119
2. Current log-likelihood: -1232.589
3. Current log-likelihood: -1232.162
4. Current log-likelihood: -1231.898
5. Current log-likelihood: -1231.786
Optimal log-likelihood: -1231.658
Rate parameters:  A-C: 0.00010  A-G: 100.00000  A-T: 19.93824  C-G: 0.00010  C-T: 51.45555  G-T: 1.00000
Warning! Some parameters hit the boundaries
Base frequencies:  A: 0.282  C: 0.252  G: 0.157  T: 0.309
Gamma shape alpha: 1.195
Parameters optimization took 5 rounds (0.004 sec)

WARNING: Estimated model parameters are at boundary that can cause numerical instability!

Wrote distance file to... 
Computing ML distances based on estimated model parameters...
Calculating distance matrix: done in 7.92e-05 secs
Computing ML distances took 0.000119 sec (of wall-clock time) 0.000000 sec (of CPU time)
Setting up auxiliary I and S matrices: done in 1.79e-05 secs
Constructing RapidNJ tree: done in 1.87e-05 secs
Computing RapidNJ tree took 0.000082 sec (of wall-clock time) 0.000000 sec (of CPU time)
Log-likelihood of RapidNJ tree: -1231.461
--------------------------------------------------------------------
|             INITIALIZING CANDIDATE TREE SET                      |
--------------------------------------------------------------------
Generating 98 parsimony trees... 0.008 second
Computing log-likelihood of 7 initial trees ... 0.001 seconds
Current best score: -1231.461

Do NNI search on 9 best initial trees
Optimizing NNI: done in 0.0002648 secs
UPDATE BEST LOG-LIKELIHOOD: -1231.461
Optimizing NNI: done in 0.0004038 secs
Optimizing NNI: done in 0.0008355 secs
Optimizing NNI: done in 0.0004167 secs
UPDATE BEST LOG-LIKELIHOOD: -1231.461
Optimizing NNI: done in 0.000772 secs
Optimizing NNI: done in 0.0003837 secs
UPDATE BEST LOG-LIKELIHOOD: -1231.461
Optimizing NNI: done in 0.0003928 secs
Optimizing NNI: done in 0.0005497 secs
Optimizing NNI: done in 0.0005688 secs
Finish initializing candidate tree set (9)
Current best tree score: -1231.461 / CPU time: 0.017
Number of iterations: 9
--------------------------------------------------------------------
|               OPTIMIZING CANDIDATE TREE SET                      |
--------------------------------------------------------------------
Optimizing NNI: done in 0.000861 secs
WARNING: NNI search needs unusual large number of steps (5) to converge!
Iteration 10 / LogL: -1231.692 / Time: 0h:0m:18s
Optimizing NNI: done in 0.0004793 secs
Optimizing NNI: done in 0.0006646 secs
Optimizing NNI: done in 0.0005314 secs
Optimizing NNI: done in 0.0005169 secs
Optimizing NNI: done in 0.0004772 secs
Optimizing NNI: done in 0.0007966 secs
WARNING: NNI search needs unusual large number of steps (5) to converge!
Optimizing NNI: done in 0.0006845 secs
Optimizing NNI: done in 0.0009345 secs
WARNING: NNI search needs unusual large number of steps (5) to converge!
Optimizing NNI: done in 0.0005084 secs using 3073% CPU
Optimizing NNI: done in 0.0006522 secs
Iteration 20 / LogL: -1231.765 / Time: 0h:0m:18s
Optimizing NNI: done in 0.0001642 secs
UPDATE BEST LOG-LIKELIHOOD: -1231.461
Optimizing NNI: done in 0.0006828 secs
Optimizing NNI: done in 0.0007564 secs
Optimizing NNI: done in 0.0001659 secs
Optimizing NNI: done in 0.0005095 secs
Optimizing NNI: done in 0.0003157 secs
Optimizing NNI: done in 0.0007973 secs
WARNING: NNI search needs unusual large number of steps (5) to converge!
Optimizing NNI: done in 0.0003533 secs
Optimizing NNI: done in 0.0002918 secs
Optimizing NNI: done in 0.0006467 secs
Iteration 30 / LogL: -1231.765 / Time: 0h:0m:18s (0h:0m:44s left)
Optimizing NNI: done in 0.000786 secs
WARNING: NNI search needs unusual large number of steps (5) to converge!
Optimizing NNI: done in 0.0003059 secs
Optimizing NNI: done in 0.0003001 secs
Optimizing NNI: done in 0.0010142 secs
WARNING: NNI search needs unusual large number of steps (5) to converge!
Optimizing NNI: done in 0.0003823 secs
Optimizing NNI: done in 0.0001836 secs
Optimizing NNI: done in 0.0006423 secs
Optimizing NNI: done in 0.0003233 secs
Optimizing NNI: done in 0.0006548 secs
Optimizing NNI: done in 0.0001626 secs
Iteration 40 / LogL: -1231.461 / Time: 0h:0m:18s (0h:0m:28s left)
Optimizing NNI: done in 0.0004951 secs
Optimizing NNI: done in 0.000794 secs
WARNING: NNI search needs unusual large number of steps (5) to converge!
Optimizing NNI: done in 0.0006277 secs
Optimizing NNI: done in 0.0003375 secs
Optimizing NNI: done in 0.000786 secs
WARNING: NNI search needs unusual large number of steps (5) to converge!
Optimizing NNI: done in 0.0001448 secs
Optimizing NNI: done in 0.0007928 secs
WARNING: NNI search needs unusual large number of steps (5) to converge!
Optimizing NNI: done in 0.0007813 secs
WARNING: NNI search needs unusual large number of steps (5) to converge!
Optimizing NNI: done in 0.0002713 secs
Optimizing NNI: done in 0.0005025 secs using 6219% CPU
Iteration 50 / LogL: -1231.589 / Time: 0h:0m:18s (0h:0m:18s left)
Log-likelihood cutoff on original alignment: -1232.586
Optimizing NNI: done in 0.0005079 secs
Optimizing NNI: done in 0.0007827 secs
WARNING: NNI search needs unusual large number of steps (5) to converge!
Optimizing NNI: done in 0.0006685 secs
Optimizing NNI: done in 0.0003078 secs
Optimizing NNI: done in 0.0004955 secs
Optimizing NNI: done in 0.000161 secs
Optimizing NNI: done in 0.00029 secs
Optimizing NNI: done in 0.0005446 secs
Optimizing NNI: done in 0.0008288 secs
WARNING: NNI search needs unusual large number of steps (5) to converge!
Optimizing NNI: done in 0.0002711 secs
Iteration 60 / LogL: -1231.461 / Time: 0h:0m:18s (0h:0m:12s left)
Optimizing NNI: done in 0.0002887 secs
Optimizing NNI: done in 0.0006373 secs
Optimizing NNI: done in 0.0002291 secs
Optimizing NNI: done in 0.000376 secs
Optimizing NNI: done in 0.0009844 secs
WARNING: NNI search needs unusual large number of steps (5) to converge!
Optimizing NNI: done in 0.0003534 secs
Optimizing NNI: done in 0.0005841 secs
Optimizing NNI: done in 0.0009772 secs
WARNING: NNI search needs unusual large number of steps (5) to converge!
Optimizing NNI: done in 0.000407 secs
Optimizing NNI: done in 0.0005748 secs
Iteration 70 / LogL: -1231.543 / Time: 0h:0m:18s (0h:0m:8s left)
Optimizing NNI: done in 0.0004155 secs
Optimizing NNI: done in 0.0008046 secs
Optimizing NNI: done in 0.0002128 secs
Optimizing NNI: done in 0.0005813 secs
Optimizing NNI: done in 0.001212 secs
Optimizing NNI: done in 0.0005167 secs
Optimizing NNI: done in 0.0001618 secs
Optimizing NNI: done in 0.0001601 secs
Optimizing NNI: done in 0.0001603 secs
Optimizing NNI: done in 0.0001551 secs
Iteration 80 / LogL: -1231.461 / Time: 0h:0m:18s (0h:0m:4s left)
Optimizing NNI: done in 0.000789 secs
WARNING: NNI search needs unusual large number of steps (5) to converge!
Optimizing NNI: done in 0.0006374 secs
Optimizing NNI: done in 0.0006609 secs
Optimizing NNI: done in 0.0003016 secs
Optimizing NNI: done in 0.0002705 secs
Optimizing NNI: done in 0.0004979 secs
Optimizing NNI: done in 0.0007932 secs
Optimizing NNI: done in 0.0001924 secs
Optimizing NNI: done in 0.0006071 secs
Optimizing NNI: done in 0.0005012 secs
Iteration 90 / LogL: -1231.543 / Time: 0h:0m:18s (0h:0m:2s left)
Optimizing NNI: done in 0.0002748 secs
Optimizing NNI: done in 0.0001696 secs
Optimizing NNI: done in 0.0001632 secs
Optimizing NNI: done in 0.0005263 secs
Optimizing NNI: done in 0.0006303 secs
Optimizing NNI: done in 0.0001637 secs
Optimizing NNI: done in 0.0007814 secs
WARNING: NNI search needs unusual large number of steps (5) to converge!
Optimizing NNI: done in 0.0006327 secs
Optimizing NNI: done in 0.0001559 secs
Optimizing NNI: done in 0.0006628 secs
Iteration 100 / LogL: -1231.461 / Time: 0h:0m:18s (0h:0m:0s left)
Log-likelihood cutoff on original alignment: -1232.586
NOTE: Bootstrap correlation coefficient of split occurrence frequencies: 0.997
Optimizing NNI: done in 0.0007301 secs
TREE SEARCH COMPLETED AFTER 101 ITERATIONS / Time: 0h:0m:18s

--------------------------------------------------------------------
|                    FINALIZING TREE SEARCH                        |
--------------------------------------------------------------------
Performs final model parameters optimization
Estimate model parameters (epsilon = 0.010)
1. Initial log-likelihood: -1231.461
Optimal log-likelihood: -1231.459
Rate parameters:  A-C: 0.00010  A-G: 100.00000  A-T: 19.75266  C-G: 0.00010  C-T: 51.44885  G-T: 1.00000
Warning! Some parameters hit the boundaries
Base frequencies:  A: 0.282  C: 0.252  G: 0.157  T: 0.309
Gamma shape alpha: 1.193
Parameters optimization took 1 rounds (0.000 sec)

WARNING: Estimated model parameters are at boundary that can cause numerical instability!

BEST SCORE FOUND : -1231.459
Creating bootstrap support values...
Split supports printed to NEXUS file C:\Users\SARP\Desktop\Alp\Proje-Final\app\helpers\Duru\data\temp_fasta\aligned_fasta_final.fasta.splits.nex
Total tree length: 1.681

Total number of iterations: 101
CPU time used for tree search: 0.625 sec (0h:0m:0s)
Wall-clock time used for tree search: 0.320 sec (0h:0m:0s)
Total CPU time used: 31.219 sec (0h:0m:31s)
Total wall-clock time used: 18.770 sec (0h:0m:18s)

Computing bootstrap consensus tree...
Reading input file C:\Users\SARP\Desktop\Alp\Proje-Final\app\helpers\Duru\data\temp_fasta\aligned_fasta_final.fasta.splits.nex...
5 taxa and 9 splits.
Consensus tree written to C:\Users\SARP\Desktop\Alp\Proje-Final\app\helpers\Duru\data\temp_fasta\aligned_fasta_final.fasta.contree
Reading input trees file C:\Users\SARP\Desktop\Alp\Proje-Final\app\helpers\Duru\data\temp_fasta\aligned_fasta_final.fasta.contree
Log-likelihood of consensus tree: -1231.460

Analysis results written to: 
  IQ-TREE report:                C:\Users\SARP\Desktop\Alp\Proje-Final\app\helpers\Duru\data\temp_fasta\aligned_fasta_final.fasta.iqtree
  Maximum-likelihood tree:       C:\Users\SARP\Desktop\Alp\Proje-Final\app\helpers\Duru\data\temp_fasta\aligned_fasta_final.fasta.treefile
  Likelihood distances:          C:\Users\SARP\Desktop\Alp\Proje-Final\app\helpers\Duru\data\temp_fasta\aligned_fasta_final.fasta.mldist

Ultrafast bootstrap approximation results written to:
  Split support values:          C:\Users\SARP\Desktop\Alp\Proje-Final\app\helpers\Duru\data\temp_fasta\aligned_fasta_final.fasta.splits.nex
  Consensus tree:                C:\Users\SARP\Desktop\Alp\Proje-Final\app\helpers\Duru\data\temp_fasta\aligned_fasta_final.fasta.contree
  Screen log file:               C:\Users\SARP\Desktop\Alp\Proje-Final\app\helpers\Duru\data\temp_fasta\aligned_fasta_final.fasta.log

Date and Time: Wed Jun 11 12:52:27 2025
